<?xml version="1.0" encoding="UTF-8"?>
<!-- Generated by org.testng.reporters.JUnitReportReporter -->
<testsuite hostname="DESKTOP-SVOAT2G" failures="0" tests="1" name="Scenario_Component.Scenario_Login" time="11.506" errors="0" timestamp="5 Jun 2021 07:31:27 GMT">
  <testcase classname="Scenario_Component.Scenario_Login" name="testInvalidlogin" time="11.506"/>
</testsuite> <!-- Scenario_Component.Scenario_Login -->
