<?xml version="1.0" encoding="UTF-8"?>
<!-- Generated by org.testng.reporters.JUnitReportReporter -->
<testsuite hostname="ajay-PC" name="Scenario_Component.Scenario_Login" tests="4" failures="0" timestamp="11 Jul 2017 17:44:29 GMT" time="55.816" errors="0">
  <testcase name="testValidlogin" time="14.316" classname="Scenario_Component.Scenario_Login"/>
  <testcase name="testInvalidlogin" time="13.061" classname="Scenario_Component.Scenario_Login"/>
  <testcase name="testInvalidlogin" time="14.398" classname="Scenario_Component.Scenario_Login"/>
  <testcase name="testInvalidlogin" time="14.041" classname="Scenario_Component.Scenario_Login"/>
</testsuite> <!-- Scenario_Component.Scenario_Login -->
